INFO 2020-12-31 17:01:14,530.530 -About Section
INFO 2020-12-31 17:01:28,264.264 -ML Section
INFO 2020-12-31 17:01:28,264.264 -ML Section
INFO 2020-12-31 17:01:35,405.405 -Home Section
INFO 2020-12-31 17:01:35,405.405 -Home Section
INFO 2020-12-31 17:01:35,405.405 -Home Section
INFO 2022-08-18 15:29:16,089.089 -Home Section
INFO 2022-08-18 15:29:20,360.360 -About Section
INFO 2022-08-18 15:29:20,360.360 -About Section
INFO 2022-08-18 15:29:20,823.823 -Home Section
INFO 2022-08-18 15:29:20,823.823 -Home Section
INFO 2022-08-18 15:29:20,823.823 -Home Section
INFO 2022-08-18 15:29:21,165.165 -Home Section
INFO 2022-08-18 15:29:21,165.165 -Home Section
INFO 2022-08-18 15:29:21,165.165 -Home Section
INFO 2022-08-18 15:29:21,165.165 -Home Section
INFO 2022-08-18 15:29:39,745.745 -ML Section
INFO 2022-08-18 15:29:39,745.745 -ML Section
INFO 2022-08-18 15:29:39,745.745 -ML Section
INFO 2022-08-18 15:29:39,745.745 -ML Section
INFO 2022-08-18 15:29:39,745.745 -ML Section
INFO 2022-08-18 15:29:41,437.437 -ML Section
INFO 2022-08-18 15:29:41,437.437 -ML Section
INFO 2022-08-18 15:29:41,437.437 -ML Section
INFO 2022-08-18 15:29:41,437.437 -ML Section
INFO 2022-08-18 15:29:41,437.437 -ML Section
INFO 2022-08-18 15:29:41,437.437 -ML Section
INFO 2022-08-18 15:30:17,623.623 -EDA Section
INFO 2022-08-18 15:30:17,623.623 -EDA Section
INFO 2022-08-18 15:30:17,623.623 -EDA Section
INFO 2022-08-18 15:30:17,623.623 -EDA Section
INFO 2022-08-18 15:30:17,623.623 -EDA Section
INFO 2022-08-18 15:30:17,623.623 -EDA Section
INFO 2022-08-18 15:30:17,623.623 -EDA Section
INFO 2022-08-18 15:30:19,441.441 -ML Section new
INFO 2022-08-18 15:30:19,441.441 -ML Section new
INFO 2022-08-18 15:30:19,441.441 -ML Section new
INFO 2022-08-18 15:30:19,441.441 -ML Section new
INFO 2022-08-18 15:30:19,441.441 -ML Section new
INFO 2022-08-18 15:30:19,441.441 -ML Section new
INFO 2022-08-18 15:30:19,441.441 -ML Section new
INFO 2022-08-18 15:30:19,441.441 -ML Section new
